=== 开始回归实验 ===
实验时间: 2025-08-21 20:27:54
种子列表: [2520153, 2520154, 2520155, 2520156, 2520157, 2520158, 2520159, 2520160, 2520161]
总实验次数: 9

=== 实验 1/9 (种子: 2520153) ===
实验 1 完成，耗时: 0:00:00.111449

=== 实验 2/9 (种子: 2520154) ===
实验 2 完成，耗时: 0:00:00.104151

=== 实验 3/9 (种子: 2520155) ===
实验 3 完成，耗时: 0:00:00.109100

=== 实验 4/9 (种子: 2520156) ===
实验 4 完成，耗时: 0:00:00.101110

=== 实验 5/9 (种子: 2520157) ===
实验 5 完成，耗时: 0:00:00.108046

=== 实验 6/9 (种子: 2520158) ===
实验 6 完成，耗时: 0:00:00.104553

=== 实验 7/9 (种子: 2520159) ===
实验 7 完成，耗时: 0:00:00.105611

=== 实验 8/9 (种子: 2520160) ===
实验 8 完成，耗时: 0:00:00.105734

=== 实验 9/9 (种子: 2520161) ===
实验 9 完成，耗时: 0:00:00.112576

=== 计算多次实验平均值 ===

警告: 以下模型在结果中未找到，已跳过: ['mediator_linear_height', 'mediator_linear_width', 'mediator_poly2_height', 'mediator_poly2_width', 'mediator_poly3_height', 'mediator_poly3_width']

=== 各模型平均性能 (验证集) ===
模型名称                                     | MSE        | R2         | MAE        | MedAE     
----------------------------------------------------------------------------------------------------
Classical Total Effect Model             | 783.4154   | 0.7421     | 22.2038    | 18.7849   
Classical Direct Effect Model            | 2634.2275  | 0.4274     | 28.5130    | 18.7967   
Classical Mediator Model (Height)        | 0.0002     | 0.9251     | 0.0096     | 0.0084    
Classical Mediator Model (Width)         | 0.0016     | 0.6580     | 0.0265     | 0.0216    
Mediation Model (Linear)                 | 783.4154   | 0.7421     | 22.2038    | 18.7849   
Mediation Model (Polynomial degree=2)    | 704.4776   | 0.7751     | 20.7164    | 18.1064   
Mediation Model (Polynomial degree=3)    | 705.9125   | 0.7745     | 20.7274    | 18.1736   
Direct Linear Model                      | 783.4154   | 0.7421     | 22.2038    | 18.7849   
Direct Polynomial Model (degree=2)       | 789.4618   | 0.7365     | 21.9049    | 17.3837   
Direct Polynomial Model (degree=3)       | 4801.7634  | 0.1244     | 25.5773    | 11.6061   
Hybrid Linear Model                      | 2634.2275  | 0.4274     | 28.5130    | 18.7967   
Hybrid Polynomial Model (degree=2)       | 580.6279   | 0.7983     | 17.8006    | 12.5041   
Hybrid Polynomial Model (degree=3)       | 3821.5851  | -0.1592    | 38.2792    | 25.2711   

=== 各模型平均性能 (测试集) ===
模型名称                                     | MSE        | R2         | MAE        | MedAE     
----------------------------------------------------------------------------------------------------
Classical Total Effect Model             | 1173.5467  | 0.7115     | 26.2751    | 22.3003   
Classical Direct Effect Model            | 3814.9446  | 0.4165     | 33.9697    | 22.6476   
Classical Mediator Model (Height)        | 0.0002     | 0.9467     | 0.0109     | 0.0090    
Classical Mediator Model (Width)         | 0.0023     | 0.7293     | 0.0303     | 0.0201    
Mediation Model (Linear)                 | 1173.5467  | 0.7115     | 26.2751    | 22.3003   
Mediation Model (Polynomial degree=2)    | 1137.6011  | 0.7337     | 25.4735    | 21.9513   
Mediation Model (Polynomial degree=3)    | 1136.6896  | 0.7341     | 25.3714    | 21.6095   
Direct Linear Model                      | 1173.5467  | 0.7115     | 26.2751    | 22.3003   
Direct Polynomial Model (degree=2)       | 1250.6620  | 0.6565     | 27.5882    | 24.0235   
Direct Polynomial Model (degree=3)       | 14880.2537 | -1.0018    | 42.7685    | 21.1301   
Hybrid Linear Model                      | 3814.9446  | 0.4165     | 33.9697    | 22.6476   
Hybrid Polynomial Model (degree=2)       | 1290.2455  | 0.6597     | 25.7071    | 20.7412   
Hybrid Polynomial Model (degree=3)       | 3939.5931  | -0.3771    | 38.0179    | 22.9429   

=== 平均中介效应分析 ===
