=== 开始回归实验 ===
实验时间: 2025-08-21 20:24:55
种子列表: [2520153, 2520154, 2520155, 2520156, 2520157, 2520158, 2520159, 2520160, 2520161]
总实验次数: 9

=== 实验 1/9 (种子: 2520153) ===
实验 1 完成，耗时: 0:00:00.113944

=== 实验 2/9 (种子: 2520154) ===
实验 2 完成，耗时: 0:00:00.101587

=== 实验 3/9 (种子: 2520155) ===
实验 3 完成，耗时: 0:00:00.112181

=== 实验 4/9 (种子: 2520156) ===
实验 4 完成，耗时: 0:00:00.102926

=== 实验 5/9 (种子: 2520157) ===
实验 5 完成，耗时: 0:00:00.111973

=== 实验 6/9 (种子: 2520158) ===
实验 6 完成，耗时: 0:00:00.105899

=== 实验 7/9 (种子: 2520159) ===
实验 7 完成，耗时: 0:00:00.113764

=== 实验 8/9 (种子: 2520160) ===
实验 8 完成，耗时: 0:00:00.105940

=== 实验 9/9 (种子: 2520161) ===
实验 9 完成，耗时: 0:00:00.109217

=== 计算多次实验平均值 ===

=== 各模型平均性能 (验证集) ===
模型名称                                     | MSE        | R2         | MAE        | MedAE     
----------------------------------------------------------------------------------------------------
Classical Total Effect Model             | 783.4154   | 0.7421     | 22.2038    | 18.7849   
Classical Direct Effect Model            | 2634.2275  | 0.4274     | 28.5130    | 18.7967   
Classical Mediator Model (Height)        | 0.0002     | 0.9251     | 0.0096     | 0.0084    
Classical Mediator Model (Width)         | 0.0016     | 0.6580     | 0.0265     | 0.0216    
